<?xml version="1.0" encoding="UTF-8"?>
<!-- Generated by org.testng.reporters.JUnitReportReporter -->
<testsuite hostname="DESKTOP-EKSVNDS" failures="0" tests="2" name="TestCases.TestCase01" time="2.721" errors="0" timestamp="03 Sep 2023 21:21:10 GMT" skipped="0">
  <testcase classname="TestCases.TestCase01" name="TestCase02" time="0.171"/>
  <testcase classname="TestCases.TestCase01" name="TestCase01" time="2.550"/>
</testsuite> <!-- TestCases.TestCase01 -->
