<?xml version="1.0" encoding="UTF-8"?>
<!-- Generated by org.testng.reporters.JUnitReportReporter -->
<testsuite hostname="DESKTOP-EKSVNDS" failures="0" tests="1" name="TestCases.JsonSchemaValidation" time="5.484" errors="0" timestamp="06 Sep 2023 19:43:50 GMT" skipped="0">
  <testcase classname="TestCases.JsonSchemaValidation" name="testGet" time="5.484"/>
</testsuite> <!-- TestCases.JsonSchemaValidation -->
