<?xml version="1.0" encoding="UTF-8"?>
<!-- Generated by org.testng.reporters.JUnitReportReporter -->
<testsuite hostname="DESKTOP-EKSVNDS" failures="0" tests="1" name="TestCases.TestOnLocalApi" time="4.722" errors="0" timestamp="04 Sep 2023 17:20:53 GMT" skipped="0">
  <testcase classname="TestCases.TestOnLocalApi" name="Patch" time="4.722"/>
</testsuite> <!-- TestCases.TestOnLocalApi -->
