<?xml version="1.0" encoding="UTF-8"?>
<!-- Generated by org.testng.reporters.JUnitReportReporter -->
<testsuite hostname="DESKTOP-EKSVNDS" failures="0" tests="2" name="TestCases.GetAndPostExamples03" time="4.376" errors="0" timestamp="03 Sep 2023 23:51:45 GMT" skipped="0">
  <testcase classname="TestCases.GetAndPostExamples03" name="testGet" time="3.835"/>
  <testcase classname="TestCases.GetAndPostExamples03" name="testPost" time="0.541"/>
</testsuite> <!-- TestCases.GetAndPostExamples03 -->
