<?xml version="1.0" encoding="UTF-8"?>
<!-- Generated by org.testng.reporters.JUnitReportReporter -->
<testsuite hostname="DESKTOP-EKSVNDS" failures="0" tests="1" name="Bangladeh.TestCase02PostBangladesh" time="3.348" errors="0" timestamp="06 Sep 2023 19:32:09 GMT" skipped="0">
  <testcase classname="Bangladeh.TestCase02PostBangladesh" name="Post" time="3.348"/>
</testsuite> <!-- Bangladeh.TestCase02PostBangladesh -->
