<?xml version="1.0" encoding="UTF-8"?>
<!-- Generated by org.testng.reporters.JUnitReportReporter -->
<testsuite hostname="DESKTOP-EKSVNDS" failures="0" tests="1" name="TestCases.TestCase02" time="4.744" errors="0" timestamp="03 Sep 2023 22:42:25 GMT" skipped="0">
  <testcase classname="TestCases.TestCase02" name="TestCase02" time="4.744"/>
</testsuite> <!-- TestCases.TestCase02 -->
