<?xml version="1.0" encoding="UTF-8"?>
<!-- Generated by org.testng.reporters.JUnitReportReporter -->
<testsuite hostname="DESKTOP-EKSVNDS" failures="0" tests="1" name="Bangladeh.TestCase01GetBangladesh" time="2.413" errors="0" timestamp="06 Sep 2023 18:49:11 GMT" skipped="0">
  <testcase classname="Bangladeh.TestCase01GetBangladesh" name="get" time="2.413"/>
</testsuite> <!-- Bangladeh.TestCase01GetBangladesh -->
